2018/12/20 10:56:53	Debug	处理XML:未将对象引用设置到对象的实例。
2018/12/20 10:56:53	Debug	处理XML:未将对象引用设置到对象的实例。
2018/12/20 10:56:53	Debug	处理XML:未将对象引用设置到对象的实例。
2018/12/20 10:56:54	Debug	处理XML:未将对象引用设置到对象的实例。
2018/12/20 10:56:54	Debug	处理XML:未将对象引用设置到对象的实例。
2018/12/20 10:56:54	Debug	处理XML:未将对象引用设置到对象的实例。
2018/12/20 10:56:54	Debug	处理XML:未将对象引用设置到对象的实例。
2018/12/20 10:56:54	Debug	处理XML:未将对象引用设置到对象的实例。
2018/12/20 10:56:54	Debug	处理XML:未将对象引用设置到对象的实例。
2018/12/20 10:56:54	Debug	处理XML:未将对象引用设置到对象的实例。
2018/12/20 10:56:54	Debug	处理XML:未将对象引用设置到对象的实例。
2018/12/20 10:56:54	Debug	处理XML:未将对象引用设置到对象的实例。
2018/12/20 10:56:54	Debug	处理XML:未将对象引用设置到对象的实例。
2018/12/20 10:56:54	Debug	处理XML:未将对象引用设置到对象的实例。
2018/12/20 10:56:55	Debug	处理XML:未将对象引用设置到对象的实例。
2018/12/20 10:56:55	Debug	处理XML:未将对象引用设置到对象的实例。
2018/12/20 10:56:55	Debug	处理XML:未将对象引用设置到对象的实例。
2018/12/20 10:56:55	Debug	处理XML:未将对象引用设置到对象的实例。
2018/12/20 10:56:55	Debug	处理XML:未将对象引用设置到对象的实例。
2018/12/20 10:56:55	Debug	处理XML:未将对象引用设置到对象的实例。
2018/12/20 10:56:55	Debug	处理XML:未将对象引用设置到对象的实例。
2018/12/20 10:56:55	Debug	处理XML:未将对象引用设置到对象的实例。
2018/12/20 10:56:55	Debug	处理XML:未将对象引用设置到对象的实例。
2018/12/20 10:56:55	Debug	处理XML:未将对象引用设置到对象的实例。
2018/12/20 10:56:55	Debug	处理XML:未将对象引用设置到对象的实例。
2018/12/20 10:56:56	Debug	处理XML:未将对象引用设置到对象的实例。
2018/12/20 10:56:56	Debug	处理XML:未将对象引用设置到对象的实例。
2018/12/20 10:56:56	Debug	处理XML:未将对象引用设置到对象的实例。
2018/12/20 10:56:56	Debug	处理XML:未将对象引用设置到对象的实例。
2018/12/20 10:56:56	Debug	处理XML:未将对象引用设置到对象的实例。
2018/12/20 10:56:56	Debug	处理XML:未将对象引用设置到对象的实例。
2018/12/20 10:56:56	Debug	处理XML:未将对象引用设置到对象的实例。
2018/12/20 10:56:56	Debug	处理XML:未将对象引用设置到对象的实例。
2018/12/20 10:56:56	Debug	处理XML:未将对象引用设置到对象的实例。
2018/12/20 10:56:56	Debug	处理XML:未将对象引用设置到对象的实例。
2018/12/20 10:56:57	Debug	处理XML:未将对象引用设置到对象的实例。
2018/12/20 10:56:57	Debug	处理XML:未将对象引用设置到对象的实例。
2018/12/20 10:56:57	Debug	处理XML:未将对象引用设置到对象的实例。
2018/12/20 10:56:57	Debug	处理XML:未将对象引用设置到对象的实例。
2018/12/20 10:56:57	Debug	处理XML:未将对象引用设置到对象的实例。
2018/12/20 10:56:57	Debug	处理XML:未将对象引用设置到对象的实例。
2018/12/20 10:56:57	Debug	处理XML:未将对象引用设置到对象的实例。
2018/12/20 10:56:57	Debug	处理XML:未将对象引用设置到对象的实例。
2018/12/20 10:56:57	Debug	处理XML:未将对象引用设置到对象的实例。
2018/12/20 10:56:57	Debug	处理XML:未将对象引用设置到对象的实例。
2018/12/20 10:56:58	Debug	处理XML:未将对象引用设置到对象的实例。
2018/12/20 10:56:58	Debug	处理XML:未将对象引用设置到对象的实例。
2018/12/20 10:56:58	Debug	处理XML:未将对象引用设置到对象的实例。
2018/12/20 10:56:58	Debug	处理XML:未将对象引用设置到对象的实例。
2018/12/20 10:56:58	Debug	处理XML:未将对象引用设置到对象的实例。
2018/12/20 10:56:58	Debug	处理XML:未将对象引用设置到对象的实例。
2018/12/20 10:56:58	Debug	处理XML:未将对象引用设置到对象的实例。
2018/12/20 10:56:58	Debug	处理XML:未将对象引用设置到对象的实例。
2018/12/20 10:56:58	Debug	处理XML:未将对象引用设置到对象的实例。
2018/12/20 10:56:58	Debug	处理XML:未将对象引用设置到对象的实例。
2018/12/20 10:56:58	Debug	处理XML:未将对象引用设置到对象的实例。
2018/12/20 10:56:58	Debug	处理XML:未将对象引用设置到对象的实例。
2018/12/20 10:56:59	Debug	处理XML:未将对象引用设置到对象的实例。
2018/12/20 10:56:59	Debug	处理XML:未将对象引用设置到对象的实例。
2018/12/20 10:56:59	Debug	处理XML:未将对象引用设置到对象的实例。
2018/12/20 10:56:59	Debug	处理XML:未将对象引用设置到对象的实例。
2018/12/20 10:56:59	Debug	处理XML:未将对象引用设置到对象的实例。
2018/12/20 10:56:59	Debug	处理XML:未将对象引用设置到对象的实例。
2018/12/20 10:56:59	Debug	处理XML:未将对象引用设置到对象的实例。
2018/12/20 10:56:59	Debug	处理XML:未将对象引用设置到对象的实例。
2018/12/20 10:56:59	Debug	处理XML:未将对象引用设置到对象的实例。
2018/12/20 10:56:59	Debug	处理XML:未将对象引用设置到对象的实例。
2018/12/20 10:57:00	Debug	处理XML:未将对象引用设置到对象的实例。
2018/12/20 10:57:00	Debug	处理XML:未将对象引用设置到对象的实例。
2018/12/20 10:57:00	Debug	处理XML:未将对象引用设置到对象的实例。
2018/12/20 10:57:00	Debug	处理XML:未将对象引用设置到对象的实例。
2018/12/20 10:57:00	Debug	处理XML:未将对象引用设置到对象的实例。
2018/12/20 10:57:00	Debug	处理XML:未将对象引用设置到对象的实例。
2018/12/20 10:57:00	Debug	处理XML:未将对象引用设置到对象的实例。
2018/12/20 10:57:00	Debug	处理XML:未将对象引用设置到对象的实例。
2018/12/20 10:57:00	Debug	处理XML:未将对象引用设置到对象的实例。
2018/12/20 10:57:00	Debug	处理XML:未将对象引用设置到对象的实例。
2018/12/20 10:57:01	Debug	处理XML:未将对象引用设置到对象的实例。
2018/12/20 10:57:01	Debug	处理XML:未将对象引用设置到对象的实例。
2018/12/20 10:57:01	Debug	处理XML:未将对象引用设置到对象的实例。
2018/12/20 10:57:01	Debug	处理XML:未将对象引用设置到对象的实例。
2018/12/20 10:57:01	Debug	处理XML:未将对象引用设置到对象的实例。
2018/12/20 10:57:01	Debug	处理XML:未将对象引用设置到对象的实例。
2018/12/20 10:57:01	Debug	处理XML:未将对象引用设置到对象的实例。
2018/12/20 10:57:01	Debug	处理XML:未将对象引用设置到对象的实例。
2018/12/20 10:57:01	Debug	处理XML:未将对象引用设置到对象的实例。
2018/12/20 10:57:01	Debug	处理XML:未将对象引用设置到对象的实例。
2018/12/20 10:57:01	Debug	处理XML:未将对象引用设置到对象的实例。
2018/12/20 10:57:01	Debug	处理XML:未将对象引用设置到对象的实例。
2018/12/20 10:57:02	Debug	处理XML:未将对象引用设置到对象的实例。
2018/12/20 10:57:02	Debug	处理XML:未将对象引用设置到对象的实例。
2018/12/20 10:57:02	Debug	处理XML:未将对象引用设置到对象的实例。
2018/12/20 10:57:02	Debug	处理XML:未将对象引用设置到对象的实例。
2018/12/20 11:16:39	Debug	签名验证成功
2018/12/20 11:20:37	Debug	签名验证成功
2018/12/20 11:32:12	Debug	签名验证成功
2018/12/20 11:42:01	Debug	签名验证成功
2018/12/20 11:48:07	Debug	验签过程异常：未能找到文件“D:\Abutment\93\BeUnRevTar\EBDB_10232000000000001030101010000000000175953.xml”。
2018/12/20 11:48:08	Debug	签名验证成功
2018/12/20 11:52:57	Debug	签名验证成功
2018/12/20 11:54:38	Debug	签名验证成功
2018/12/20 12:09:35	Debug	签名验证成功
2018/12/20 12:11:36	Debug	签名验证成功
2018/12/20 12:16:57	Debug	签名验证成功
2018/12/20 12:19:12	Debug	签名验证成功
2018/12/20 12:20:59	Debug	签名验证成功
2018/12/20 12:21:00	Debug	处理XML:未将对象引用设置到对象的实例。
2018/12/20 12:21:00	Debug	处理XML:未将对象引用设置到对象的实例。
2018/12/20 12:21:00	Debug	处理XML:未将对象引用设置到对象的实例。
2018/12/20 12:21:00	Debug	处理XML:未将对象引用设置到对象的实例。
2018/12/20 12:21:00	Debug	处理XML:未将对象引用设置到对象的实例。
2018/12/20 12:21:01	Debug	处理XML:未将对象引用设置到对象的实例。
2018/12/20 12:21:01	Debug	处理XML:未将对象引用设置到对象的实例。
2018/12/20 12:21:01	Debug	处理XML:未将对象引用设置到对象的实例。
2018/12/20 12:21:01	Debug	处理XML:未将对象引用设置到对象的实例。
2018/12/20 12:21:01	Debug	处理XML:未将对象引用设置到对象的实例。
2018/12/20 12:21:01	Debug	处理XML:未将对象引用设置到对象的实例。
2018/12/20 12:21:01	Debug	处理XML:未将对象引用设置到对象的实例。
2018/12/20 12:21:01	Debug	处理XML:未将对象引用设置到对象的实例。
2018/12/20 12:21:02	Debug	处理XML:未将对象引用设置到对象的实例。
2018/12/20 12:21:02	Debug	处理XML:未将对象引用设置到对象的实例。
2018/12/20 12:21:02	Debug	处理XML:未将对象引用设置到对象的实例。
2018/12/20 12:21:02	Debug	处理XML:未将对象引用设置到对象的实例。
2018/12/20 12:21:02	Debug	处理XML:未将对象引用设置到对象的实例。
2018/12/20 12:21:02	Debug	处理XML:未将对象引用设置到对象的实例。
2018/12/20 12:21:02	Debug	处理XML:未将对象引用设置到对象的实例。
2018/12/20 12:21:02	Debug	处理XML:未将对象引用设置到对象的实例。
2018/12/20 12:21:03	Debug	处理XML:未将对象引用设置到对象的实例。
2018/12/20 12:21:03	Debug	处理XML:未将对象引用设置到对象的实例。
2018/12/20 12:21:03	Debug	处理XML:未将对象引用设置到对象的实例。
2018/12/20 12:21:03	Debug	处理XML:未将对象引用设置到对象的实例。
2018/12/20 12:21:03	Debug	处理XML:未将对象引用设置到对象的实例。
2018/12/20 12:21:03	Debug	处理XML:未将对象引用设置到对象的实例。
2018/12/20 12:21:03	Debug	处理XML:未将对象引用设置到对象的实例。
2018/12/20 12:21:03	Debug	处理XML:未将对象引用设置到对象的实例。
2018/12/20 12:21:04	Debug	处理XML:未将对象引用设置到对象的实例。
2018/12/20 12:21:04	Debug	处理XML:未将对象引用设置到对象的实例。
2018/12/20 12:21:04	Debug	处理XML:未将对象引用设置到对象的实例。
2018/12/20 12:21:04	Debug	处理XML:未将对象引用设置到对象的实例。
2018/12/20 12:21:04	Debug	处理XML:未将对象引用设置到对象的实例。
2018/12/20 12:21:04	Debug	处理XML:未将对象引用设置到对象的实例。
2018/12/20 12:21:04	Debug	处理XML:未将对象引用设置到对象的实例。
2018/12/20 12:21:04	Debug	处理XML:未将对象引用设置到对象的实例。
2018/12/20 12:21:05	Debug	处理XML:未将对象引用设置到对象的实例。
2018/12/20 12:21:05	Debug	处理XML:未将对象引用设置到对象的实例。
2018/12/20 12:21:05	Debug	处理XML:未将对象引用设置到对象的实例。
2018/12/20 12:21:05	Debug	处理XML:未将对象引用设置到对象的实例。
2018/12/20 12:21:05	Debug	处理XML:未将对象引用设置到对象的实例。
2018/12/20 12:21:05	Debug	处理XML:未将对象引用设置到对象的实例。
2018/12/20 12:21:05	Debug	处理XML:未将对象引用设置到对象的实例。
2018/12/20 12:21:05	Debug	处理XML:未将对象引用设置到对象的实例。
2018/12/20 12:21:06	Debug	处理XML:未将对象引用设置到对象的实例。
2018/12/20 12:21:06	Debug	处理XML:未将对象引用设置到对象的实例。
2018/12/20 12:21:06	Debug	处理XML:未将对象引用设置到对象的实例。
2018/12/20 12:21:06	Debug	处理XML:未将对象引用设置到对象的实例。
2018/12/20 12:21:06	Debug	处理XML:未将对象引用设置到对象的实例。
2018/12/20 12:21:06	Debug	处理XML:未将对象引用设置到对象的实例。
2018/12/20 12:21:06	Debug	处理XML:未将对象引用设置到对象的实例。
2018/12/20 12:21:54	Debug	签名验证成功
2018/12/20 12:22:45	Debug	签名验证成功
2018/12/20 12:23:59	Debug	签名验证成功
2018/12/20 12:24:25	Debug	签名验证成功
2018/12/20 12:25:07	Debug	签名验证成功
2018/12/20 12:29:52	Debug	签名验证成功
2018/12/20 12:31:29	Debug	签名验证成功
2018/12/20 12:37:34	Debug	签名验证成功
2018/12/20 12:42:40	Debug	签名验证成功
2018/12/20 12:43:01	Debug	签名验证成功
2018/12/20 12:43:48	Debug	签名验证成功
2018/12/20 12:46:52	Debug	签名验证成功
2018/12/20 12:47:48	Debug	签名验证成功
2018/12/20 12:53:13	Debug	签名验证成功
2018/12/20 12:55:47	Debug	签名验证成功
2018/12/20 12:56:09	Debug	签名验证成功
2018/12/20 12:56:46	Debug	签名验证成功
2018/12/20 13:06:30	Debug	签名验证成功
2018/12/20 13:10:43	Debug	签名验证成功
2018/12/20 13:14:44	Debug	签名验证成功
2018/12/20 13:14:56	Debug	签名验证成功
2018/12/20 13:17:49	Debug	签名验证成功
2018/12/20 13:20:14	Debug	签名验证成功
2018/12/20 13:26:36	Debug	签名验证成功
2018/12/20 13:29:23	Debug	签名验证成功
2018/12/20 13:29:50	Debug	签名验证成功
2018/12/20 14:12:27	Debug	签名验证成功
2018/12/20 14:12:39	Debug	签名验证成功
2018/12/20 14:18:14	Debug	签名验证成功
2018/12/20 14:25:14	Debug	签名验证成功
2018/12/20 14:26:57	Debug	签名验证成功
2018/12/20 14:31:32	Debug	签名验证成功
2018/12/20 14:34:39	Debug	签名验证成功
2018/12/20 14:36:51	Debug	签名验证成功
2018/12/20 14:36:52	Debug	处理XML:未将对象引用设置到对象的实例。
2018/12/20 14:36:52	Debug	处理XML:未将对象引用设置到对象的实例。
2018/12/20 14:36:52	Debug	处理XML:未将对象引用设置到对象的实例。
2018/12/20 14:36:52	Debug	处理XML:未将对象引用设置到对象的实例。
2018/12/20 14:36:52	Debug	处理XML:未将对象引用设置到对象的实例。
2018/12/20 14:36:53	Debug	处理XML:未将对象引用设置到对象的实例。
2018/12/20 14:36:53	Debug	处理XML:未将对象引用设置到对象的实例。
2018/12/20 14:36:53	Debug	处理XML:未将对象引用设置到对象的实例。
2018/12/20 14:36:53	Debug	处理XML:未将对象引用设置到对象的实例。
2018/12/20 14:36:53	Debug	处理XML:未将对象引用设置到对象的实例。
2018/12/20 14:36:53	Debug	处理XML:未将对象引用设置到对象的实例。
2018/12/20 14:36:53	Debug	处理XML:未将对象引用设置到对象的实例。
2018/12/20 14:36:53	Debug	处理XML:未将对象引用设置到对象的实例。
2018/12/20 14:36:54	Debug	处理XML:未将对象引用设置到对象的实例。
2018/12/20 14:36:54	Debug	处理XML:正在中止线程。
2018/12/20 14:36:54	Debug	正在中止线程。
2018/12/20 14:36:54	Debug	正在中止线程。
2018/12/20 14:38:55	Debug	签名验证成功
2018/12/20 14:39:17	Debug	签名验证成功
2018/12/20 14:39:17	Debug	处理XML:未将对象引用设置到对象的实例。
2018/12/20 14:39:18	Debug	处理XML:未将对象引用设置到对象的实例。
2018/12/20 14:39:18	Debug	处理XML:未将对象引用设置到对象的实例。
2018/12/20 14:39:18	Debug	处理XML:未将对象引用设置到对象的实例。
2018/12/20 14:39:18	Debug	处理XML:未将对象引用设置到对象的实例。
2018/12/20 14:39:18	Debug	处理XML:未将对象引用设置到对象的实例。
2018/12/20 14:39:18	Debug	处理XML:未将对象引用设置到对象的实例。
2018/12/20 14:39:18	Debug	处理XML:未将对象引用设置到对象的实例。
2018/12/20 14:39:18	Debug	处理XML:未将对象引用设置到对象的实例。
2018/12/20 14:39:19	Debug	处理XML:未将对象引用设置到对象的实例。
2018/12/20 14:39:19	Debug	处理XML:未将对象引用设置到对象的实例。
2018/12/20 14:39:19	Debug	处理XML:未将对象引用设置到对象的实例。
2018/12/20 14:39:19	Debug	处理XML:未将对象引用设置到对象的实例。
2018/12/20 14:39:19	Debug	处理XML:未将对象引用设置到对象的实例。
2018/12/20 14:39:19	Debug	处理XML:未将对象引用设置到对象的实例。
2018/12/20 14:39:19	Debug	处理XML:未将对象引用设置到对象的实例。
2018/12/20 14:39:19	Debug	处理XML:未将对象引用设置到对象的实例。
2018/12/20 14:39:19	Debug	处理XML:未将对象引用设置到对象的实例。
2018/12/20 14:39:20	Debug	处理XML:未将对象引用设置到对象的实例。
2018/12/20 14:39:20	Debug	处理XML:未将对象引用设置到对象的实例。
2018/12/20 14:39:20	Debug	处理XML:未将对象引用设置到对象的实例。
2018/12/20 14:39:20	Debug	处理XML:未将对象引用设置到对象的实例。
2018/12/20 14:39:20	Debug	处理XML:未将对象引用设置到对象的实例。
2018/12/20 14:39:20	Debug	处理XML:未将对象引用设置到对象的实例。
2018/12/20 14:39:20	Debug	处理XML:未将对象引用设置到对象的实例。
2018/12/20 14:39:20	Debug	处理XML:未将对象引用设置到对象的实例。
2018/12/20 14:39:21	Debug	处理XML:未将对象引用设置到对象的实例。
2018/12/20 14:39:21	Debug	处理XML:未将对象引用设置到对象的实例。
2018/12/20 14:39:21	Debug	处理XML:未将对象引用设置到对象的实例。
2018/12/20 14:39:21	Debug	处理XML:未将对象引用设置到对象的实例。
2018/12/20 14:39:21	Debug	处理XML:未将对象引用设置到对象的实例。
2018/12/20 14:39:21	Debug	处理XML:未将对象引用设置到对象的实例。
2018/12/20 14:39:21	Debug	处理XML:未将对象引用设置到对象的实例。
2018/12/20 14:39:21	Debug	处理XML:未将对象引用设置到对象的实例。
2018/12/20 14:39:22	Debug	处理XML:未将对象引用设置到对象的实例。
2018/12/20 14:39:22	Debug	处理XML:未将对象引用设置到对象的实例。
2018/12/20 14:39:22	Debug	处理XML:未将对象引用设置到对象的实例。
2018/12/20 14:39:22	Debug	处理XML:未将对象引用设置到对象的实例。
2018/12/20 14:39:22	Debug	处理XML:未将对象引用设置到对象的实例。
2018/12/20 14:39:22	Debug	处理XML:未将对象引用设置到对象的实例。
2018/12/20 14:39:22	Debug	处理XML:未将对象引用设置到对象的实例。
2018/12/20 14:39:22	Debug	处理XML:未将对象引用设置到对象的实例。
2018/12/20 14:39:23	Debug	处理XML:未将对象引用设置到对象的实例。
2018/12/20 14:39:23	Debug	处理XML:未将对象引用设置到对象的实例。
2018/12/20 14:39:23	Debug	处理XML:未将对象引用设置到对象的实例。
2018/12/20 14:39:23	Debug	处理XML:未将对象引用设置到对象的实例。
2018/12/20 14:39:23	Debug	处理XML:未将对象引用设置到对象的实例。
2018/12/20 14:39:23	Debug	处理XML:未将对象引用设置到对象的实例。
2018/12/20 14:39:23	Debug	处理XML:未将对象引用设置到对象的实例。
2018/12/20 14:39:23	Debug	处理XML:未将对象引用设置到对象的实例。
2018/12/20 14:39:24	Debug	处理XML:未将对象引用设置到对象的实例。
2018/12/20 14:39:24	Debug	处理XML:未将对象引用设置到对象的实例。
2018/12/20 14:39:24	Debug	处理XML:未将对象引用设置到对象的实例。
2018/12/20 14:39:24	Debug	处理XML:未将对象引用设置到对象的实例。
2018/12/20 14:39:24	Debug	处理XML:未将对象引用设置到对象的实例。
2018/12/20 14:39:24	Debug	处理XML:未将对象引用设置到对象的实例。
2018/12/20 14:39:24	Debug	处理XML:未将对象引用设置到对象的实例。
2018/12/20 14:39:24	Debug	处理XML:未将对象引用设置到对象的实例。
2018/12/20 14:39:25	Debug	处理XML:未将对象引用设置到对象的实例。
2018/12/20 14:39:25	Debug	处理XML:未将对象引用设置到对象的实例。
2018/12/20 14:39:25	Debug	处理XML:未将对象引用设置到对象的实例。
2018/12/20 14:39:25	Debug	处理XML:未将对象引用设置到对象的实例。
2018/12/20 14:39:25	Debug	处理XML:未将对象引用设置到对象的实例。
2018/12/20 14:39:25	Debug	处理XML:未将对象引用设置到对象的实例。
2018/12/20 14:39:25	Debug	处理XML:未将对象引用设置到对象的实例。
2018/12/20 14:39:25	Debug	处理XML:未将对象引用设置到对象的实例。
2018/12/20 14:39:25	Debug	处理XML:未将对象引用设置到对象的实例。
2018/12/20 14:39:26	Debug	处理XML:未将对象引用设置到对象的实例。
2018/12/20 14:39:26	Debug	处理XML:未将对象引用设置到对象的实例。
2018/12/20 14:39:26	Debug	处理XML:未将对象引用设置到对象的实例。
2018/12/20 14:39:26	Debug	处理XML:未将对象引用设置到对象的实例。
2018/12/20 14:39:26	Debug	处理XML:未将对象引用设置到对象的实例。
2018/12/20 14:39:26	Debug	处理XML:未将对象引用设置到对象的实例。
2018/12/20 14:39:26	Debug	处理XML:未将对象引用设置到对象的实例。
2018/12/20 14:39:26	Debug	处理XML:未将对象引用设置到对象的实例。
2018/12/20 14:39:27	Debug	处理XML:未将对象引用设置到对象的实例。
2018/12/20 14:39:27	Debug	处理XML:未将对象引用设置到对象的实例。
2018/12/20 14:39:27	Debug	处理XML:未将对象引用设置到对象的实例。
2018/12/20 14:39:27	Debug	处理XML:未将对象引用设置到对象的实例。
2018/12/20 14:39:27	Debug	处理XML:未将对象引用设置到对象的实例。
2018/12/20 14:39:27	Debug	处理XML:未将对象引用设置到对象的实例。
2018/12/20 14:39:27	Debug	处理XML:未将对象引用设置到对象的实例。
2018/12/20 14:39:27	Debug	处理XML:未将对象引用设置到对象的实例。
2018/12/20 14:39:28	Debug	处理XML:未将对象引用设置到对象的实例。
2018/12/20 14:39:28	Debug	处理XML:未将对象引用设置到对象的实例。
2018/12/20 14:39:28	Debug	处理XML:未将对象引用设置到对象的实例。
2018/12/20 14:39:28	Debug	处理XML:未将对象引用设置到对象的实例。
2018/12/20 14:39:28	Debug	处理XML:未将对象引用设置到对象的实例。
2018/12/20 14:39:28	Debug	处理XML:未将对象引用设置到对象的实例。
2018/12/20 14:39:28	Debug	处理XML:未将对象引用设置到对象的实例。
2018/12/20 14:39:28	Debug	处理XML:未将对象引用设置到对象的实例。
2018/12/20 14:39:29	Debug	处理XML:未将对象引用设置到对象的实例。
2018/12/20 14:39:29	Debug	处理XML:未将对象引用设置到对象的实例。
2018/12/20 14:39:29	Debug	处理XML:未将对象引用设置到对象的实例。
2018/12/20 14:39:29	Debug	处理XML:未将对象引用设置到对象的实例。
2018/12/20 14:39:29	Debug	处理XML:未将对象引用设置到对象的实例。
2018/12/20 14:39:29	Debug	处理XML:未将对象引用设置到对象的实例。
2018/12/20 14:39:29	Debug	处理XML:未将对象引用设置到对象的实例。
2018/12/20 14:39:29	Debug	处理XML:未将对象引用设置到对象的实例。
2018/12/20 14:39:30	Debug	处理XML:未将对象引用设置到对象的实例。
2018/12/20 14:39:30	Debug	处理XML:未将对象引用设置到对象的实例。
2018/12/20 14:39:30	Debug	处理XML:未将对象引用设置到对象的实例。
2018/12/20 14:39:30	Debug	处理XML:未将对象引用设置到对象的实例。
2018/12/20 14:39:30	Debug	处理XML:未将对象引用设置到对象的实例。
2018/12/20 14:39:30	Debug	处理XML:未将对象引用设置到对象的实例。
2018/12/20 14:39:30	Debug	处理XML:未将对象引用设置到对象的实例。
2018/12/20 14:39:30	Debug	处理XML:未将对象引用设置到对象的实例。
2018/12/20 14:39:30	Debug	处理XML:未将对象引用设置到对象的实例。
2018/12/20 14:39:31	Debug	处理XML:未将对象引用设置到对象的实例。
2018/12/20 14:39:31	Debug	处理XML:未将对象引用设置到对象的实例。
2018/12/20 14:39:31	Debug	处理XML:未将对象引用设置到对象的实例。
2018/12/20 14:39:31	Debug	处理XML:未将对象引用设置到对象的实例。
2018/12/20 14:39:31	Debug	处理XML:未将对象引用设置到对象的实例。
2018/12/20 14:39:31	Debug	处理XML:未将对象引用设置到对象的实例。
2018/12/20 14:39:31	Debug	处理XML:未将对象引用设置到对象的实例。
2018/12/20 14:39:32	Debug	处理XML:未将对象引用设置到对象的实例。
2018/12/20 14:39:32	Debug	处理XML:未将对象引用设置到对象的实例。
2018/12/20 14:39:32	Debug	处理XML:未将对象引用设置到对象的实例。
2018/12/20 14:39:32	Debug	处理XML:未将对象引用设置到对象的实例。
2018/12/20 14:39:32	Debug	处理XML:未将对象引用设置到对象的实例。
2018/12/20 14:39:32	Debug	处理XML:未将对象引用设置到对象的实例。
2018/12/20 14:39:32	Debug	处理XML:未将对象引用设置到对象的实例。
2018/12/20 14:39:32	Debug	处理XML:未将对象引用设置到对象的实例。
2018/12/20 14:39:33	Debug	处理XML:未将对象引用设置到对象的实例。
2018/12/20 14:39:33	Debug	处理XML:未将对象引用设置到对象的实例。
2018/12/20 14:39:33	Debug	处理XML:未将对象引用设置到对象的实例。
2018/12/20 14:39:33	Debug	处理XML:未将对象引用设置到对象的实例。
2018/12/20 14:39:33	Debug	处理XML:未将对象引用设置到对象的实例。
2018/12/20 14:39:33	Debug	处理XML:未将对象引用设置到对象的实例。
2018/12/20 14:39:33	Debug	处理XML:未将对象引用设置到对象的实例。
2018/12/20 14:39:33	Debug	处理XML:未将对象引用设置到对象的实例。
2018/12/20 14:39:34	Debug	处理XML:未将对象引用设置到对象的实例。
2018/12/20 14:39:34	Debug	处理XML:未将对象引用设置到对象的实例。
2018/12/20 14:39:34	Debug	处理XML:未将对象引用设置到对象的实例。
2018/12/20 14:39:34	Debug	处理XML:未将对象引用设置到对象的实例。
2018/12/20 14:39:34	Debug	处理XML:未将对象引用设置到对象的实例。
2018/12/20 14:39:34	Debug	处理XML:未将对象引用设置到对象的实例。
2018/12/20 14:39:34	Debug	处理XML:未将对象引用设置到对象的实例。
2018/12/20 14:39:34	Debug	处理XML:未将对象引用设置到对象的实例。
2018/12/20 14:39:35	Debug	处理XML:未将对象引用设置到对象的实例。
2018/12/20 14:39:35	Debug	处理XML:未将对象引用设置到对象的实例。
2018/12/20 14:39:35	Debug	处理XML:未将对象引用设置到对象的实例。
2018/12/20 14:39:35	Debug	处理XML:未将对象引用设置到对象的实例。
2018/12/20 14:39:35	Debug	处理XML:未将对象引用设置到对象的实例。
2018/12/20 14:39:35	Debug	处理XML:未将对象引用设置到对象的实例。
2018/12/20 14:39:35	Debug	处理XML:未将对象引用设置到对象的实例。
2018/12/20 14:39:35	Debug	处理XML:未将对象引用设置到对象的实例。
2018/12/20 14:39:35	Debug	处理XML:未将对象引用设置到对象的实例。
2018/12/20 14:39:36	Debug	处理XML:未将对象引用设置到对象的实例。
2018/12/20 14:39:36	Debug	处理XML:未将对象引用设置到对象的实例。
2018/12/20 14:39:36	Debug	处理XML:未将对象引用设置到对象的实例。
2018/12/20 14:39:36	Debug	处理XML:未将对象引用设置到对象的实例。
2018/12/20 14:39:36	Debug	处理XML:未将对象引用设置到对象的实例。
2018/12/20 14:39:36	Debug	处理XML:未将对象引用设置到对象的实例。
2018/12/20 14:39:36	Debug	处理XML:未将对象引用设置到对象的实例。
2018/12/20 14:39:36	Debug	处理XML:未将对象引用设置到对象的实例。
2018/12/20 14:39:37	Debug	处理XML:未将对象引用设置到对象的实例。
2018/12/20 14:39:37	Debug	处理XML:未将对象引用设置到对象的实例。
2018/12/20 14:39:37	Debug	处理XML:未将对象引用设置到对象的实例。
2018/12/20 14:39:37	Debug	处理XML:未将对象引用设置到对象的实例。
2018/12/20 14:39:37	Debug	处理XML:未将对象引用设置到对象的实例。
2018/12/20 14:39:37	Debug	处理XML:未将对象引用设置到对象的实例。
2018/12/20 14:39:37	Debug	处理XML:未将对象引用设置到对象的实例。
2018/12/20 14:39:37	Debug	处理XML:未将对象引用设置到对象的实例。
2018/12/20 14:39:38	Debug	处理XML:未将对象引用设置到对象的实例。
2018/12/20 14:39:38	Debug	处理XML:未将对象引用设置到对象的实例。
2018/12/20 14:39:38	Debug	处理XML:未将对象引用设置到对象的实例。
2018/12/20 14:39:38	Debug	处理XML:未将对象引用设置到对象的实例。
2018/12/20 14:39:38	Debug	处理XML:未将对象引用设置到对象的实例。
2018/12/20 14:39:38	Debug	处理XML:未将对象引用设置到对象的实例。
2018/12/20 14:39:38	Debug	处理XML:未将对象引用设置到对象的实例。
2018/12/20 14:39:38	Debug	处理XML:未将对象引用设置到对象的实例。
2018/12/20 14:39:39	Debug	处理XML:未将对象引用设置到对象的实例。
2018/12/20 14:39:39	Debug	处理XML:未将对象引用设置到对象的实例。
2018/12/20 14:39:39	Debug	处理XML:未将对象引用设置到对象的实例。
2018/12/20 14:39:39	Debug	处理XML:未将对象引用设置到对象的实例。
2018/12/20 14:39:39	Debug	处理XML:未将对象引用设置到对象的实例。
2018/12/20 14:39:39	Debug	处理XML:未将对象引用设置到对象的实例。
2018/12/20 14:39:39	Debug	处理XML:未将对象引用设置到对象的实例。
2018/12/20 14:39:39	Debug	处理XML:未将对象引用设置到对象的实例。
2018/12/20 14:39:40	Debug	处理XML:未将对象引用设置到对象的实例。
2018/12/20 14:39:40	Debug	处理XML:未将对象引用设置到对象的实例。
2018/12/20 14:39:40	Debug	处理XML:未将对象引用设置到对象的实例。
2018/12/20 14:39:40	Debug	处理XML:未将对象引用设置到对象的实例。
2018/12/20 14:39:40	Debug	处理XML:未将对象引用设置到对象的实例。
2018/12/20 14:39:40	Debug	处理XML:未将对象引用设置到对象的实例。
2018/12/20 14:39:40	Debug	处理XML:未将对象引用设置到对象的实例。
2018/12/20 14:39:40	Debug	处理XML:未将对象引用设置到对象的实例。
2018/12/20 14:39:41	Debug	处理XML:未将对象引用设置到对象的实例。
2018/12/20 14:39:41	Debug	处理XML:未将对象引用设置到对象的实例。
2018/12/20 14:39:41	Debug	处理XML:未将对象引用设置到对象的实例。
2018/12/20 14:39:41	Debug	处理XML:未将对象引用设置到对象的实例。
2018/12/20 14:39:41	Debug	处理XML:未将对象引用设置到对象的实例。
2018/12/20 14:39:41	Debug	处理XML:未将对象引用设置到对象的实例。
2018/12/20 14:39:41	Debug	处理XML:未将对象引用设置到对象的实例。
2018/12/20 14:39:41	Debug	处理XML:未将对象引用设置到对象的实例。
2018/12/20 14:39:42	Debug	处理XML:未将对象引用设置到对象的实例。
2018/12/20 14:39:42	Debug	处理XML:未将对象引用设置到对象的实例。
2018/12/20 14:39:42	Debug	处理XML:未将对象引用设置到对象的实例。
2018/12/20 14:41:07	Debug	签名验证成功
2018/12/20 14:42:00	Debug	签名验证成功
2018/12/20 14:42:51	Debug	签名验证成功
2018/12/20 14:46:17	Debug	签名验证成功
2018/12/20 14:47:30	Debug	签名验证成功
2018/12/20 14:47:51	Debug	签名验证成功
2018/12/20 14:48:07	Debug	签名验证成功
2018/12/20 14:48:35	Debug	签名验证成功
2018/12/20 14:49:47	Debug	签名验证成功
2018/12/20 14:49:59	Debug	签名验证成功
2018/12/20 14:50:13	Debug	签名验证成功
2018/12/20 14:50:31	Debug	签名验证成功
2018/12/20 14:50:36	Debug	签名验证成功
2018/12/20 14:54:11	Debug	签名验证成功
2018/12/20 15:00:21	Debug	签名验证成功
2018/12/20 15:00:44	Debug	签名验证成功
2018/12/20 15:00:45	Debug	处理XML:未将对象引用设置到对象的实例。
2018/12/20 15:00:45	Debug	处理XML:未将对象引用设置到对象的实例。
2018/12/20 15:00:46	Debug	处理XML:未将对象引用设置到对象的实例。
2018/12/20 15:00:46	Debug	处理XML:未将对象引用设置到对象的实例。
2018/12/20 15:00:46	Debug	处理XML:未将对象引用设置到对象的实例。
2018/12/20 15:00:46	Debug	处理XML:未将对象引用设置到对象的实例。
2018/12/20 15:00:46	Debug	处理XML:未将对象引用设置到对象的实例。
2018/12/20 15:00:46	Debug	处理XML:未将对象引用设置到对象的实例。
2018/12/20 15:00:46	Debug	处理XML:未将对象引用设置到对象的实例。
2018/12/20 15:00:46	Debug	处理XML:未将对象引用设置到对象的实例。
2018/12/20 15:00:47	Debug	处理XML:未将对象引用设置到对象的实例。
2018/12/20 15:00:47	Debug	处理XML:未将对象引用设置到对象的实例。
2018/12/20 15:00:47	Debug	处理XML:未将对象引用设置到对象的实例。
2018/12/20 15:00:47	Debug	处理XML:未将对象引用设置到对象的实例。
2018/12/20 15:00:47	Debug	处理XML:未将对象引用设置到对象的实例。
2018/12/20 15:00:47	Debug	处理XML:未将对象引用设置到对象的实例。
2018/12/20 15:00:47	Debug	处理XML:未将对象引用设置到对象的实例。
2018/12/20 15:00:47	Debug	处理XML:未将对象引用设置到对象的实例。
2018/12/20 15:00:48	Debug	处理XML:未将对象引用设置到对象的实例。
2018/12/20 15:00:48	Debug	处理XML:未将对象引用设置到对象的实例。
2018/12/20 15:00:48	Debug	处理XML:未将对象引用设置到对象的实例。
2018/12/20 15:00:48	Debug	处理XML:未将对象引用设置到对象的实例。
2018/12/20 15:00:48	Debug	处理XML:未将对象引用设置到对象的实例。
2018/12/20 15:00:48	Debug	处理XML:未将对象引用设置到对象的实例。
2018/12/20 15:00:48	Debug	处理XML:未将对象引用设置到对象的实例。
2018/12/20 15:00:49	Debug	处理XML:未将对象引用设置到对象的实例。
2018/12/20 15:00:49	Debug	处理XML:未将对象引用设置到对象的实例。
2018/12/20 15:00:49	Debug	处理XML:未将对象引用设置到对象的实例。
2018/12/20 15:00:49	Debug	处理XML:未将对象引用设置到对象的实例。
2018/12/20 15:00:49	Debug	处理XML:未将对象引用设置到对象的实例。
2018/12/20 15:00:49	Debug	处理XML:未将对象引用设置到对象的实例。
2018/12/20 15:00:49	Debug	处理XML:未将对象引用设置到对象的实例。
2018/12/20 15:00:49	Debug	处理XML:未将对象引用设置到对象的实例。
2018/12/20 15:21:27	Debug	签名验证成功
2018/12/20 15:21:52	Debug	签名验证成功
2018/12/20 15:23:53	Debug	签名验证成功
2018/12/20 15:26:13	Debug	签名验证成功
2018/12/20 15:31:40	Debug	签名验证成功
2018/12/20 15:32:02	Debug	签名验证成功
2018/12/20 15:32:02	Debug	处理XML:未将对象引用设置到对象的实例。
2018/12/20 15:32:02	Debug	处理XML:未将对象引用设置到对象的实例。
2018/12/20 15:32:02	Debug	处理XML:未将对象引用设置到对象的实例。
2018/12/20 15:32:02	Debug	处理XML:未将对象引用设置到对象的实例。
2018/12/20 15:32:02	Debug	处理XML:未将对象引用设置到对象的实例。
2018/12/20 15:32:02	Debug	处理XML:未将对象引用设置到对象的实例。
2018/12/20 15:32:03	Debug	处理XML:未将对象引用设置到对象的实例。
2018/12/20 15:32:03	Debug	处理XML:未将对象引用设置到对象的实例。
2018/12/20 15:32:03	Debug	处理XML:未将对象引用设置到对象的实例。
2018/12/20 15:32:03	Debug	处理XML:未将对象引用设置到对象的实例。
2018/12/20 15:32:03	Debug	处理XML:未将对象引用设置到对象的实例。
2018/12/20 15:32:03	Debug	处理XML:未将对象引用设置到对象的实例。
2018/12/20 15:32:03	Debug	处理XML:未将对象引用设置到对象的实例。
2018/12/20 15:32:03	Debug	处理XML:未将对象引用设置到对象的实例。
2018/12/20 15:32:04	Debug	处理XML:未将对象引用设置到对象的实例。
2018/12/20 15:32:04	Debug	处理XML:未将对象引用设置到对象的实例。
2018/12/20 15:32:04	Debug	处理XML:未将对象引用设置到对象的实例。
2018/12/20 15:32:04	Debug	处理XML:未将对象引用设置到对象的实例。
2018/12/20 15:32:04	Debug	处理XML:未将对象引用设置到对象的实例。
2018/12/20 15:32:04	Debug	处理XML:未将对象引用设置到对象的实例。
2018/12/20 15:32:04	Debug	处理XML:未将对象引用设置到对象的实例。
2018/12/20 15:32:05	Debug	处理XML:未将对象引用设置到对象的实例。
2018/12/20 15:32:05	Debug	处理XML:未将对象引用设置到对象的实例。
2018/12/20 15:32:05	Debug	处理XML:未将对象引用设置到对象的实例。
2018/12/20 15:32:05	Debug	处理XML:未将对象引用设置到对象的实例。
2018/12/20 15:32:05	Debug	处理XML:未将对象引用设置到对象的实例。
2018/12/20 15:32:05	Debug	处理XML:未将对象引用设置到对象的实例。
2018/12/20 15:32:05	Debug	处理XML:未将对象引用设置到对象的实例。
2018/12/20 15:32:05	Debug	处理XML:未将对象引用设置到对象的实例。
2018/12/20 15:32:06	Debug	处理XML:未将对象引用设置到对象的实例。
2018/12/20 15:32:06	Debug	处理XML:未将对象引用设置到对象的实例。
2018/12/20 15:32:06	Debug	处理XML:未将对象引用设置到对象的实例。
2018/12/20 15:32:06	Debug	处理XML:未将对象引用设置到对象的实例。
2018/12/20 15:32:06	Debug	处理XML:未将对象引用设置到对象的实例。
2018/12/20 15:32:06	Debug	处理XML:未将对象引用设置到对象的实例。
2018/12/20 15:32:06	Debug	处理XML:未将对象引用设置到对象的实例。
2018/12/20 15:32:06	Debug	处理XML:未将对象引用设置到对象的实例。
2018/12/20 15:32:07	Debug	处理XML:未将对象引用设置到对象的实例。
2018/12/20 15:32:07	Debug	处理XML:未将对象引用设置到对象的实例。
2018/12/20 15:32:07	Debug	处理XML:未将对象引用设置到对象的实例。
2018/12/20 15:32:07	Debug	处理XML:未将对象引用设置到对象的实例。
2018/12/20 15:32:07	Debug	处理XML:未将对象引用设置到对象的实例。
2018/12/20 15:32:07	Debug	处理XML:未将对象引用设置到对象的实例。
2018/12/20 15:32:07	Debug	处理XML:未将对象引用设置到对象的实例。
2018/12/20 15:32:07	Debug	处理XML:未将对象引用设置到对象的实例。
2018/12/20 15:32:08	Debug	处理XML:未将对象引用设置到对象的实例。
2018/12/20 15:32:08	Debug	处理XML:未将对象引用设置到对象的实例。
2018/12/20 15:32:08	Debug	处理XML:未将对象引用设置到对象的实例。
2018/12/20 15:32:08	Debug	处理XML:未将对象引用设置到对象的实例。
2018/12/20 15:32:08	Debug	处理XML:未将对象引用设置到对象的实例。
2018/12/20 15:32:08	Debug	处理XML:未将对象引用设置到对象的实例。
2018/12/20 15:32:08	Debug	处理XML:未将对象引用设置到对象的实例。
2018/12/20 15:32:08	Debug	处理XML:未将对象引用设置到对象的实例。
2018/12/20 15:32:09	Debug	处理XML:未将对象引用设置到对象的实例。
2018/12/20 15:32:09	Debug	处理XML:未将对象引用设置到对象的实例。
2018/12/20 15:32:09	Debug	处理XML:未将对象引用设置到对象的实例。
2018/12/20 15:32:09	Debug	处理XML:未将对象引用设置到对象的实例。
2018/12/20 15:32:09	Debug	处理XML:未将对象引用设置到对象的实例。
2018/12/20 15:32:09	Debug	处理XML:未将对象引用设置到对象的实例。
2018/12/20 15:32:09	Debug	处理XML:未将对象引用设置到对象的实例。
2018/12/20 15:32:10	Debug	处理XML:未将对象引用设置到对象的实例。
2018/12/20 15:32:10	Debug	处理XML:未将对象引用设置到对象的实例。
2018/12/20 15:32:10	Debug	处理XML:未将对象引用设置到对象的实例。
2018/12/20 15:32:10	Debug	处理XML:未将对象引用设置到对象的实例。
2018/12/20 15:32:10	Debug	处理XML:未将对象引用设置到对象的实例。
2018/12/20 15:32:10	Debug	处理XML:未将对象引用设置到对象的实例。
2018/12/20 15:32:10	Debug	处理XML:未将对象引用设置到对象的实例。
2018/12/20 15:32:10	Debug	处理XML:未将对象引用设置到对象的实例。
2018/12/20 15:32:11	Debug	处理XML:未将对象引用设置到对象的实例。
2018/12/20 15:32:11	Debug	处理XML:未将对象引用设置到对象的实例。
2018/12/20 15:32:11	Debug	处理XML:未将对象引用设置到对象的实例。
2018/12/20 15:32:11	Debug	处理XML:未将对象引用设置到对象的实例。
2018/12/20 15:32:11	Debug	处理XML:未将对象引用设置到对象的实例。
2018/12/20 15:32:11	Debug	处理XML:未将对象引用设置到对象的实例。
2018/12/20 15:32:11	Debug	处理XML:未将对象引用设置到对象的实例。
2018/12/20 15:32:11	Debug	处理XML:未将对象引用设置到对象的实例。
2018/12/20 15:32:12	Debug	处理XML:未将对象引用设置到对象的实例。
2018/12/20 15:32:12	Debug	处理XML:未将对象引用设置到对象的实例。
2018/12/20 15:32:12	Debug	处理XML:未将对象引用设置到对象的实例。
2018/12/20 15:32:12	Debug	处理XML:未将对象引用设置到对象的实例。
2018/12/20 15:32:12	Debug	处理XML:未将对象引用设置到对象的实例。
2018/12/20 15:32:12	Debug	处理XML:未将对象引用设置到对象的实例。
2018/12/20 15:32:12	Debug	处理XML:未将对象引用设置到对象的实例。
2018/12/20 15:32:12	Debug	处理XML:未将对象引用设置到对象的实例。
2018/12/20 15:32:13	Debug	处理XML:未将对象引用设置到对象的实例。
2018/12/20 15:32:13	Debug	处理XML:未将对象引用设置到对象的实例。
2018/12/20 15:32:13	Debug	处理XML:未将对象引用设置到对象的实例。
2018/12/20 15:32:13	Debug	处理XML:未将对象引用设置到对象的实例。
2018/12/20 15:32:13	Debug	处理XML:未将对象引用设置到对象的实例。
2018/12/20 15:32:13	Debug	处理XML:未将对象引用设置到对象的实例。
2018/12/20 15:32:13	Debug	处理XML:未将对象引用设置到对象的实例。
2018/12/20 15:32:13	Debug	处理XML:未将对象引用设置到对象的实例。
2018/12/20 15:32:14	Debug	处理XML:未将对象引用设置到对象的实例。
2018/12/20 15:32:14	Debug	处理XML:未将对象引用设置到对象的实例。
2018/12/20 15:32:14	Debug	处理XML:未将对象引用设置到对象的实例。
2018/12/20 15:32:14	Debug	处理XML:未将对象引用设置到对象的实例。
2018/12/20 15:32:14	Debug	处理XML:未将对象引用设置到对象的实例。
2018/12/20 15:32:14	Debug	处理XML:未将对象引用设置到对象的实例。
2018/12/20 15:32:14	Debug	处理XML:未将对象引用设置到对象的实例。
2018/12/20 15:32:14	Debug	处理XML:未将对象引用设置到对象的实例。
2018/12/20 15:32:15	Debug	处理XML:未将对象引用设置到对象的实例。
2018/12/20 15:32:15	Debug	处理XML:未将对象引用设置到对象的实例。
2018/12/20 15:32:15	Debug	处理XML:未将对象引用设置到对象的实例。
2018/12/20 15:32:15	Debug	处理XML:未将对象引用设置到对象的实例。
2018/12/20 15:32:15	Debug	处理XML:未将对象引用设置到对象的实例。
2018/12/20 15:32:15	Debug	处理XML:未将对象引用设置到对象的实例。
2018/12/20 15:32:15	Debug	处理XML:未将对象引用设置到对象的实例。
2018/12/20 15:32:15	Debug	处理XML:未将对象引用设置到对象的实例。
2018/12/20 15:32:16	Debug	处理XML:未将对象引用设置到对象的实例。
2018/12/20 15:32:16	Debug	处理XML:未将对象引用设置到对象的实例。
2018/12/20 15:32:16	Debug	处理XML:未将对象引用设置到对象的实例。
2018/12/20 15:32:16	Debug	处理XML:未将对象引用设置到对象的实例。
2018/12/20 15:32:16	Debug	处理XML:未将对象引用设置到对象的实例。
2018/12/20 15:32:16	Debug	处理XML:未将对象引用设置到对象的实例。
2018/12/20 15:32:16	Debug	处理XML:未将对象引用设置到对象的实例。
2018/12/20 15:32:16	Debug	处理XML:未将对象引用设置到对象的实例。
2018/12/20 15:32:17	Debug	处理XML:未将对象引用设置到对象的实例。
2018/12/20 15:32:17	Debug	处理XML:未将对象引用设置到对象的实例。
2018/12/20 15:32:17	Debug	处理XML:未将对象引用设置到对象的实例。
2018/12/20 15:32:17	Debug	处理XML:未将对象引用设置到对象的实例。
2018/12/20 15:32:17	Debug	处理XML:未将对象引用设置到对象的实例。
2018/12/20 15:32:17	Debug	处理XML:未将对象引用设置到对象的实例。
2018/12/20 15:32:17	Debug	处理XML:未将对象引用设置到对象的实例。
2018/12/20 15:32:18	Debug	处理XML:未将对象引用设置到对象的实例。
2018/12/20 15:32:18	Debug	处理XML:未将对象引用设置到对象的实例。
2018/12/20 15:32:18	Debug	处理XML:未将对象引用设置到对象的实例。
2018/12/20 15:32:18	Debug	处理XML:未将对象引用设置到对象的实例。
2018/12/20 15:32:18	Debug	处理XML:未将对象引用设置到对象的实例。
2018/12/20 15:32:18	Debug	处理XML:未将对象引用设置到对象的实例。
2018/12/20 15:32:18	Debug	处理XML:未将对象引用设置到对象的实例。
2018/12/20 15:32:18	Debug	处理XML:未将对象引用设置到对象的实例。
2018/12/20 15:32:19	Debug	处理XML:未将对象引用设置到对象的实例。
2018/12/20 15:32:19	Debug	处理XML:未将对象引用设置到对象的实例。
2018/12/20 15:32:19	Debug	处理XML:未将对象引用设置到对象的实例。
2018/12/20 15:32:19	Debug	处理XML:未将对象引用设置到对象的实例。
2018/12/20 15:32:19	Debug	处理XML:未将对象引用设置到对象的实例。
2018/12/20 15:32:19	Debug	处理XML:未将对象引用设置到对象的实例。
2018/12/20 15:32:19	Debug	处理XML:未将对象引用设置到对象的实例。
2018/12/20 15:32:19	Debug	处理XML:未将对象引用设置到对象的实例。
2018/12/20 15:32:20	Debug	处理XML:未将对象引用设置到对象的实例。
2018/12/20 15:32:20	Debug	处理XML:未将对象引用设置到对象的实例。
2018/12/20 15:32:20	Debug	处理XML:未将对象引用设置到对象的实例。
2018/12/20 15:32:20	Debug	处理XML:未将对象引用设置到对象的实例。
2018/12/20 15:32:20	Debug	处理XML:未将对象引用设置到对象的实例。
2018/12/20 15:32:20	Debug	处理XML:未将对象引用设置到对象的实例。
2018/12/20 15:32:20	Debug	处理XML:未将对象引用设置到对象的实例。
2018/12/20 15:32:20	Debug	处理XML:未将对象引用设置到对象的实例。
2018/12/20 15:32:21	Debug	处理XML:未将对象引用设置到对象的实例。
2018/12/20 15:32:21	Debug	处理XML:未将对象引用设置到对象的实例。
2018/12/20 15:32:21	Debug	处理XML:未将对象引用设置到对象的实例。
2018/12/20 15:32:21	Debug	处理XML:未将对象引用设置到对象的实例。
2018/12/20 15:32:21	Debug	处理XML:未将对象引用设置到对象的实例。
2018/12/20 15:32:21	Debug	处理XML:未将对象引用设置到对象的实例。
2018/12/20 15:32:21	Debug	处理XML:未将对象引用设置到对象的实例。
2018/12/20 15:32:21	Debug	处理XML:未将对象引用设置到对象的实例。
2018/12/20 15:32:22	Debug	处理XML:未将对象引用设置到对象的实例。
2018/12/20 15:32:22	Debug	处理XML:未将对象引用设置到对象的实例。
2018/12/20 15:32:22	Debug	处理XML:未将对象引用设置到对象的实例。
2018/12/20 15:32:22	Debug	处理XML:未将对象引用设置到对象的实例。
2018/12/20 15:32:22	Debug	处理XML:未将对象引用设置到对象的实例。
2018/12/20 15:32:22	Debug	处理XML:未将对象引用设置到对象的实例。
2018/12/20 15:32:22	Debug	处理XML:未将对象引用设置到对象的实例。
2018/12/20 15:32:23	Debug	处理XML:未将对象引用设置到对象的实例。
2018/12/20 15:32:23	Debug	处理XML:未将对象引用设置到对象的实例。
2018/12/20 15:32:23	Debug	处理XML:未将对象引用设置到对象的实例。
2018/12/20 15:32:23	Debug	处理XML:未将对象引用设置到对象的实例。
2018/12/20 15:32:23	Debug	处理XML:未将对象引用设置到对象的实例。
2018/12/20 15:32:23	Debug	处理XML:未将对象引用设置到对象的实例。
2018/12/20 15:32:23	Debug	处理XML:未将对象引用设置到对象的实例。
2018/12/20 15:32:23	Debug	处理XML:未将对象引用设置到对象的实例。
2018/12/20 15:32:24	Debug	处理XML:未将对象引用设置到对象的实例。
2018/12/20 15:32:24	Debug	处理XML:未将对象引用设置到对象的实例。
2018/12/20 15:32:24	Debug	处理XML:未将对象引用设置到对象的实例。
2018/12/20 15:32:24	Debug	处理XML:未将对象引用设置到对象的实例。
2018/12/20 15:32:24	Debug	处理XML:未将对象引用设置到对象的实例。
2018/12/20 15:32:24	Debug	处理XML:未将对象引用设置到对象的实例。
2018/12/20 15:32:24	Debug	处理XML:未将对象引用设置到对象的实例。
2018/12/20 15:32:24	Debug	处理XML:未将对象引用设置到对象的实例。
2018/12/20 15:32:25	Debug	处理XML:未将对象引用设置到对象的实例。
2018/12/20 15:32:25	Debug	处理XML:未将对象引用设置到对象的实例。
2018/12/20 15:32:25	Debug	处理XML:未将对象引用设置到对象的实例。
2018/12/20 15:32:25	Debug	处理XML:未将对象引用设置到对象的实例。
2018/12/20 15:32:25	Debug	处理XML:未将对象引用设置到对象的实例。
2018/12/20 15:32:25	Debug	处理XML:未将对象引用设置到对象的实例。
2018/12/20 15:32:25	Debug	处理XML:未将对象引用设置到对象的实例。
2018/12/20 15:32:25	Debug	处理XML:未将对象引用设置到对象的实例。
2018/12/20 15:32:26	Debug	处理XML:未将对象引用设置到对象的实例。
2018/12/20 15:32:26	Debug	处理XML:未将对象引用设置到对象的实例。
2018/12/20 15:32:26	Debug	处理XML:未将对象引用设置到对象的实例。
2018/12/20 15:32:26	Debug	处理XML:未将对象引用设置到对象的实例。
2018/12/20 15:32:26	Debug	处理XML:未将对象引用设置到对象的实例。
2018/12/20 15:32:26	Debug	处理XML:未将对象引用设置到对象的实例。
2018/12/20 15:32:26	Debug	处理XML:未将对象引用设置到对象的实例。
2018/12/20 15:32:26	Debug	处理XML:未将对象引用设置到对象的实例。
2018/12/20 15:32:27	Debug	处理XML:未将对象引用设置到对象的实例。
2018/12/20 15:32:27	Debug	处理XML:未将对象引用设置到对象的实例。
2018/12/20 15:32:27	Debug	处理XML:未将对象引用设置到对象的实例。
2018/12/20 15:32:27	Debug	处理XML:未将对象引用设置到对象的实例。
2018/12/20 15:32:27	Debug	处理XML:未将对象引用设置到对象的实例。
2018/12/20 15:32:27	Debug	处理XML:未将对象引用设置到对象的实例。
2018/12/20 15:32:27	Debug	处理XML:未将对象引用设置到对象的实例。
2018/12/20 15:32:27	Debug	处理XML:未将对象引用设置到对象的实例。
2018/12/20 15:32:28	Debug	处理XML:未将对象引用设置到对象的实例。
2018/12/20 15:32:28	Debug	处理XML:未将对象引用设置到对象的实例。
2018/12/20 15:32:28	Debug	处理XML:未将对象引用设置到对象的实例。
2018/12/20 15:32:28	Debug	处理XML:未将对象引用设置到对象的实例。
2018/12/20 15:32:28	Debug	处理XML:未将对象引用设置到对象的实例。
2018/12/20 15:32:28	Debug	处理XML:未将对象引用设置到对象的实例。
2018/12/20 15:32:28	Debug	处理XML:未将对象引用设置到对象的实例。
2018/12/20 15:32:28	Debug	处理XML:未将对象引用设置到对象的实例。
2018/12/20 15:32:29	Debug	处理XML:未将对象引用设置到对象的实例。
2018/12/20 15:32:29	Debug	处理XML:未将对象引用设置到对象的实例。
2018/12/20 15:32:29	Debug	处理XML:未将对象引用设置到对象的实例。
2018/12/20 15:32:29	Debug	处理XML:未将对象引用设置到对象的实例。
2018/12/20 15:32:29	Debug	处理XML:未将对象引用设置到对象的实例。
2018/12/20 15:32:29	Debug	处理XML:未将对象引用设置到对象的实例。
2018/12/20 15:32:29	Debug	处理XML:未将对象引用设置到对象的实例。
2018/12/20 15:32:30	Debug	处理XML:未将对象引用设置到对象的实例。
2018/12/20 15:33:26	Debug	签名验证成功
2018/12/20 15:33:58	Debug	签名验证成功
2018/12/20 15:51:59	Debug	签名验证成功
2018/12/20 15:58:08	Debug	签名验证成功
2018/12/20 15:58:38	Debug	签名验证成功
2018/12/20 15:58:39	Debug	处理XML:未将对象引用设置到对象的实例。
2018/12/20 15:58:39	Debug	处理XML:未将对象引用设置到对象的实例。
2018/12/20 15:58:39	Debug	处理XML:未将对象引用设置到对象的实例。
2018/12/20 15:58:39	Debug	处理XML:未将对象引用设置到对象的实例。
2018/12/20 15:58:39	Debug	处理XML:未将对象引用设置到对象的实例。
2018/12/20 15:58:39	Debug	处理XML:未将对象引用设置到对象的实例。
2018/12/20 15:58:39	Debug	处理XML:未将对象引用设置到对象的实例。
2018/12/20 15:58:39	Debug	处理XML:未将对象引用设置到对象的实例。
2018/12/20 15:58:40	Debug	处理XML:未将对象引用设置到对象的实例。
2018/12/20 15:58:40	Debug	处理XML:未将对象引用设置到对象的实例。
2018/12/20 15:58:40	Debug	处理XML:未将对象引用设置到对象的实例。
2018/12/20 15:58:40	Debug	处理XML:未将对象引用设置到对象的实例。
2018/12/20 15:58:40	Debug	处理XML:未将对象引用设置到对象的实例。
2018/12/20 15:58:40	Debug	处理XML:未将对象引用设置到对象的实例。
2018/12/20 15:58:40	Debug	处理XML:未将对象引用设置到对象的实例。
2018/12/20 15:58:40	Debug	处理XML:未将对象引用设置到对象的实例。
2018/12/20 15:58:41	Debug	处理XML:未将对象引用设置到对象的实例。
2018/12/20 15:58:41	Debug	处理XML:未将对象引用设置到对象的实例。
2018/12/20 15:58:41	Debug	处理XML:未将对象引用设置到对象的实例。
2018/12/20 15:58:41	Debug	处理XML:未将对象引用设置到对象的实例。
2018/12/20 15:58:41	Debug	处理XML:未将对象引用设置到对象的实例。
2018/12/20 15:58:41	Debug	处理XML:未将对象引用设置到对象的实例。
2018/12/20 15:58:41	Debug	处理XML:未将对象引用设置到对象的实例。
2018/12/20 15:58:42	Debug	处理XML:未将对象引用设置到对象的实例。
2018/12/20 15:58:42	Debug	处理XML:未将对象引用设置到对象的实例。
2018/12/20 15:58:42	Debug	处理XML:未将对象引用设置到对象的实例。
2018/12/20 15:58:42	Debug	处理XML:未将对象引用设置到对象的实例。
2018/12/20 15:58:42	Debug	处理XML:未将对象引用设置到对象的实例。
2018/12/20 15:58:42	Debug	处理XML:未将对象引用设置到对象的实例。
2018/12/20 15:58:42	Debug	处理XML:未将对象引用设置到对象的实例。
2018/12/20 15:58:42	Debug	处理XML:未将对象引用设置到对象的实例。
2018/12/20 15:58:43	Debug	处理XML:未将对象引用设置到对象的实例。
2018/12/20 15:58:43	Debug	处理XML:未将对象引用设置到对象的实例。
2018/12/20 15:58:43	Debug	处理XML:未将对象引用设置到对象的实例。
2018/12/20 15:58:43	Debug	处理XML:未将对象引用设置到对象的实例。
2018/12/20 15:58:43	Debug	处理XML:未将对象引用设置到对象的实例。
2018/12/20 15:58:43	Debug	处理XML:未将对象引用设置到对象的实例。
2018/12/20 15:58:43	Debug	处理XML:未将对象引用设置到对象的实例。
2018/12/20 15:58:43	Debug	处理XML:未将对象引用设置到对象的实例。
2018/12/20 15:58:44	Debug	处理XML:未将对象引用设置到对象的实例。
2018/12/20 15:58:44	Debug	处理XML:未将对象引用设置到对象的实例。
2018/12/20 15:58:44	Debug	处理XML:未将对象引用设置到对象的实例。
2018/12/20 15:58:44	Debug	处理XML:未将对象引用设置到对象的实例。
2018/12/20 15:58:44	Debug	处理XML:未将对象引用设置到对象的实例。
2018/12/20 15:58:44	Debug	处理XML:未将对象引用设置到对象的实例。
2018/12/20 15:58:44	Debug	处理XML:未将对象引用设置到对象的实例。
2018/12/20 15:58:44	Debug	处理XML:未将对象引用设置到对象的实例。
2018/12/20 15:58:45	Debug	处理XML:未将对象引用设置到对象的实例。
2018/12/20 15:58:45	Debug	处理XML:未将对象引用设置到对象的实例。
2018/12/20 15:58:45	Debug	处理XML:未将对象引用设置到对象的实例。
2018/12/20 15:58:45	Debug	处理XML:未将对象引用设置到对象的实例。
2018/12/20 15:58:45	Debug	处理XML:未将对象引用设置到对象的实例。
2018/12/20 15:58:45	Debug	处理XML:未将对象引用设置到对象的实例。
2018/12/20 15:58:45	Debug	处理XML:未将对象引用设置到对象的实例。
2018/12/20 15:58:46	Debug	处理XML:未将对象引用设置到对象的实例。
2018/12/20 15:58:46	Debug	处理XML:未将对象引用设置到对象的实例。
2018/12/20 15:58:46	Debug	处理XML:未将对象引用设置到对象的实例。
2018/12/20 15:58:46	Debug	处理XML:未将对象引用设置到对象的实例。
2018/12/20 15:58:46	Debug	处理XML:未将对象引用设置到对象的实例。
2018/12/20 15:58:46	Debug	处理XML:未将对象引用设置到对象的实例。
2018/12/20 15:58:46	Debug	处理XML:未将对象引用设置到对象的实例。
2018/12/20 15:58:46	Debug	处理XML:未将对象引用设置到对象的实例。
2018/12/20 15:58:47	Debug	处理XML:未将对象引用设置到对象的实例。
2018/12/20 15:58:47	Debug	处理XML:未将对象引用设置到对象的实例。
2018/12/20 15:58:47	Debug	处理XML:未将对象引用设置到对象的实例。
2018/12/20 15:58:47	Debug	处理XML:未将对象引用设置到对象的实例。
2018/12/20 15:58:47	Debug	处理XML:未将对象引用设置到对象的实例。
2018/12/20 15:58:47	Debug	处理XML:未将对象引用设置到对象的实例。
2018/12/20 15:58:47	Debug	处理XML:未将对象引用设置到对象的实例。
2018/12/20 15:58:47	Debug	处理XML:未将对象引用设置到对象的实例。
2018/12/20 15:58:48	Debug	处理XML:未将对象引用设置到对象的实例。
2018/12/20 15:58:48	Debug	处理XML:未将对象引用设置到对象的实例。
2018/12/20 15:58:48	Debug	处理XML:未将对象引用设置到对象的实例。
2018/12/20 15:58:48	Debug	处理XML:未将对象引用设置到对象的实例。
2018/12/20 15:58:48	Debug	处理XML:未将对象引用设置到对象的实例。
2018/12/20 15:58:48	Debug	处理XML:未将对象引用设置到对象的实例。
2018/12/20 15:58:48	Debug	处理XML:未将对象引用设置到对象的实例。
2018/12/20 15:58:49	Debug	处理XML:未将对象引用设置到对象的实例。
2018/12/20 15:58:49	Debug	处理XML:未将对象引用设置到对象的实例。
2018/12/20 15:58:49	Debug	处理XML:未将对象引用设置到对象的实例。
2018/12/20 15:58:49	Debug	处理XML:未将对象引用设置到对象的实例。
2018/12/20 15:58:49	Debug	处理XML:未将对象引用设置到对象的实例。
2018/12/20 15:58:49	Debug	处理XML:未将对象引用设置到对象的实例。
2018/12/20 15:58:49	Debug	处理XML:未将对象引用设置到对象的实例。
2018/12/20 15:58:49	Debug	处理XML:未将对象引用设置到对象的实例。
2018/12/20 15:58:50	Debug	处理XML:未将对象引用设置到对象的实例。
2018/12/20 15:58:50	Debug	处理XML:未将对象引用设置到对象的实例。
2018/12/20 15:58:50	Debug	处理XML:未将对象引用设置到对象的实例。
2018/12/20 15:58:50	Debug	处理XML:未将对象引用设置到对象的实例。
2018/12/20 15:58:50	Debug	处理XML:未将对象引用设置到对象的实例。
2018/12/20 15:58:50	Debug	处理XML:未将对象引用设置到对象的实例。
2018/12/20 15:58:50	Debug	处理XML:未将对象引用设置到对象的实例。
2018/12/20 15:58:51	Debug	处理XML:未将对象引用设置到对象的实例。
2018/12/20 15:58:51	Debug	处理XML:未将对象引用设置到对象的实例。
2018/12/20 15:58:51	Debug	处理XML:未将对象引用设置到对象的实例。
2018/12/20 15:58:51	Debug	处理XML:未将对象引用设置到对象的实例。
2018/12/20 15:58:51	Debug	处理XML:未将对象引用设置到对象的实例。
2018/12/20 15:58:51	Debug	处理XML:未将对象引用设置到对象的实例。
2018/12/20 15:58:51	Debug	处理XML:未将对象引用设置到对象的实例。
2018/12/20 15:58:51	Debug	处理XML:未将对象引用设置到对象的实例。
2018/12/20 15:58:52	Debug	处理XML:未将对象引用设置到对象的实例。
2018/12/20 15:58:52	Debug	处理XML:未将对象引用设置到对象的实例。
2018/12/20 15:58:52	Debug	处理XML:未将对象引用设置到对象的实例。
2018/12/20 15:58:52	Debug	处理XML:未将对象引用设置到对象的实例。
2018/12/20 15:58:52	Debug	处理XML:未将对象引用设置到对象的实例。
2018/12/20 15:58:52	Debug	处理XML:未将对象引用设置到对象的实例。
2018/12/20 15:58:52	Debug	处理XML:未将对象引用设置到对象的实例。
2018/12/20 15:58:52	Debug	处理XML:未将对象引用设置到对象的实例。
2018/12/20 15:58:53	Debug	处理XML:未将对象引用设置到对象的实例。
2018/12/20 15:58:53	Debug	处理XML:未将对象引用设置到对象的实例。
2018/12/20 15:58:53	Debug	处理XML:未将对象引用设置到对象的实例。
2018/12/20 15:58:53	Debug	处理XML:未将对象引用设置到对象的实例。
2018/12/20 15:58:53	Debug	处理XML:未将对象引用设置到对象的实例。
2018/12/20 15:58:53	Debug	处理XML:未将对象引用设置到对象的实例。
2018/12/20 15:58:53	Debug	处理XML:未将对象引用设置到对象的实例。
2018/12/20 15:58:53	Debug	处理XML:未将对象引用设置到对象的实例。
2018/12/20 15:58:54	Debug	处理XML:未将对象引用设置到对象的实例。
2018/12/20 15:58:54	Debug	处理XML:未将对象引用设置到对象的实例。
2018/12/20 15:58:54	Debug	处理XML:未将对象引用设置到对象的实例。
2018/12/20 15:58:54	Debug	处理XML:未将对象引用设置到对象的实例。
2018/12/20 15:58:54	Debug	处理XML:未将对象引用设置到对象的实例。
2018/12/20 15:58:54	Debug	处理XML:未将对象引用设置到对象的实例。
2018/12/20 15:58:54	Debug	处理XML:未将对象引用设置到对象的实例。
2018/12/20 15:58:54	Debug	处理XML:未将对象引用设置到对象的实例。
2018/12/20 15:58:55	Debug	处理XML:未将对象引用设置到对象的实例。
2018/12/20 15:59:51	Debug	签名验证成功
2018/12/20 16:00:04	Debug	签名验证成功
2018/12/20 16:00:30	Debug	处理XML:未将对象引用设置到对象的实例。
2018/12/20 16:00:37	Debug	处理XML:未将对象引用设置到对象的实例。
2018/12/20 16:00:38	Debug	处理XML:未将对象引用设置到对象的实例。
2018/12/20 16:00:38	Debug	处理XML:未将对象引用设置到对象的实例。
2018/12/20 16:00:38	Debug	处理XML:未将对象引用设置到对象的实例。
2018/12/20 16:00:38	Debug	处理XML:未将对象引用设置到对象的实例。
2018/12/20 16:02:00	Debug	签名验证成功
2018/12/20 16:02:12	Debug	签名验证成功
2018/12/20 16:02:35	Debug	G1475：文件“D:\Abutment\93\BeXmlFiles\EBDS_EBDB_10432100200000003140101010000000000000122.xml”正由另一进程使用，因此该进程无法访问此文件。
2018/12/20 16:05:32	Debug	签名验证成功
2018/12/20 16:06:00	Debug	签名验证成功
2018/12/20 16:38:28	Debug	签名验证成功
2018/12/20 16:57:21	Debug	签名验证成功
2018/12/20 16:57:35	Debug	签名验证成功
2018/12/20 16:57:49	Debug	签名验证成功
2018/12/20 16:58:19	Debug	签名验证成功
2018/12/20 16:58:33	Debug	签名验证成功
2018/12/20 16:58:55	Debug	签名验证成功
2018/12/20 17:09:44	Debug	签名验证成功
2018/12/20 17:10:41	Debug	签名验证成功
2018/12/20 17:10:54	Debug	签名验证成功
2018/12/20 17:14:07	Debug	签名验证成功
2018/12/20 17:14:36	Debug	签名验证成功
2018/12/20 17:20:14	Debug	签名验证成功
2018/12/20 17:20:32	Debug	签名验证成功
2018/12/20 19:21:33	Debug	签名验证成功
2018/12/20 19:23:31	Debug	签名验证成功
